[2025-10-27 01:52:07.279 +00:00] [INF] [97] Emby.Server.Implementations.ScheduledTasks.TaskManager: "Download missing subtitles" Completed after 0 minute(s) and 0 seconds
[2025-10-27 01:52:07.279 +00:00] [INF] [98] Emby.Server.Implementations.ScheduledTasks.TaskManager: "Audio Normalization" Completed after 0 minute(s) and 0 seconds
[2025-10-27 01:52:07.568 +00:00] [INF] [98] Emby.Server.Implementations.ScheduledTasks.TaskManager: "Clean Transcode Directory" Completed after 0 minute(s) and 0 seconds
[2025-10-27 01:52:07.594 +00:00] [INF] [96] Emby.Server.Implementations.ScheduledTasks.TaskManager: "Clean Log Directory" Completed after 0 minute(s) and 0 seconds
[2025-10-27 01:52:07.638 +00:00] [INF] [95] Emby.Server.Implementations.ScheduledTasks.TaskManager: "Clean Cache Directory" Completed after 0 minute(s) and 0 seconds
[2025-10-27 01:52:07.861 +00:00] [INF] [97] Emby.Server.Implementations.ScheduledTasks.TaskManager: "TasksRefreshChannels" Completed after 0 minute(s) and 0 seconds
[2025-10-27 01:52:07.915 +00:00] [INF] [94] Emby.Server.Implementations.ScheduledTasks.TaskManager: "Download missing lyrics" Completed after 0 minute(s) and 0 seconds
[2025-10-27 01:52:08.389 +00:00] [INF] [94] Emby.Server.Implementations.ScheduledTasks.TaskManager: "Update Plugins" Completed after 0 minute(s) and 0 seconds
[2025-10-27 01:52:10.811 +00:00] [INF] [95] Jellyfin.LiveTv.Guide.GuideManager: Refreshing guide with 7 days of guide data
[2025-10-27 01:52:10.822 +00:00] [INF] [95] Emby.Server.Implementations.ScheduledTasks.TaskManager: "Refresh Guide" Completed after 0 minute(s) and 3 seconds
[2025-10-27 01:53:08.429 +00:00] [INF] [95] Emby.Server.Implementations.ScheduledTasks.TaskManager: "Media Segment Scan" Completed after 0 minute(s) and 0 seconds
[2025-10-27 01:53:08.538 +00:00] [INF] [94] Emby.Server.Implementations.Library.LibraryManager: Validating media library
[2025-10-27 01:53:08.623 +00:00] [WRN] [94] MediaBrowser.Controller.Entities.BaseItem: Library folder "/config/data/playlists" is inaccessible or empty, skipping
[2025-10-27 01:53:08.637 +00:00] [WRN] [94] MediaBrowser.Controller.Entities.BaseItem: Library folder "/config/data/playlists" is inaccessible or empty, skipping
[2025-10-27 01:53:08.655 +00:00] [INF] [94] Emby.Server.Implementations.ScheduledTasks.TaskManager: "Scan Media Library" Completed after 0 minute(s) and 0 seconds
[2025-10-27 01:55:10.480 +00:00] [INF] [98] Emby.Server.Implementations.ScheduledTasks.Tasks.OptimizeDatabaseTask: Optimizing and vacuuming jellyfin.db...
[2025-10-27 01:55:11.010 +00:00] [INF] [98] Jellyfin.Database.Providers.Sqlite.SqliteDatabaseProvider: jellyfin.db optimized successfully!
[2025-10-27 01:55:11.011 +00:00] [INF] [98] Emby.Server.Implementations.ScheduledTasks.TaskManager: "Optimize database" Completed after 0 minute(s) and 0 seconds
[2025-10-27 06:08:21.183 +00:00] [INF] [35] Emby.Server.Implementations.ScheduledTasks.TaskManager: "Generate Trickplay Images" Completed after 0 minute(s) and 0 seconds
[2025-10-27 06:08:22.143 +00:00] [INF] [35] Emby.Server.Implementations.ScheduledTasks.TaskManager: Daily trigger for "Generate Trickplay Images" set to fire at 2025-10-28 03:00:00.000 +00:00, which is 20:51:37.8591225 from now.
[2025-10-27 15:53:14.136 +00:00] [INF] [111] Emby.Server.Implementations.ScheduledTasks.TaskManager: "Extract Chapter Images" Completed after 0 minute(s) and 0 seconds
[2025-10-27 15:53:15.076 +00:00] [INF] [111] Emby.Server.Implementations.ScheduledTasks.TaskManager: Daily trigger for "Extract Chapter Images" set to fire at 2025-10-28 02:00:00.000 +00:00, which is 10:06:44.9246995 from now.
[2025-10-27 16:13:06.365 +00:00] [INF] [9] Emby.Server.Implementations.ScheduledTasks.Tasks.OptimizeDatabaseTask: Optimizing and vacuuming jellyfin.db...
[2025-10-27 16:13:06.831 +00:00] [INF] [9] Jellyfin.Database.Providers.Sqlite.SqliteDatabaseProvider: jellyfin.db optimized successfully!
[2025-10-27 16:13:06.832 +00:00] [INF] [9] Emby.Server.Implementations.ScheduledTasks.TaskManager: "Optimize database" Completed after 0 minute(s) and 0 seconds
[2025-10-27 22:11:04.361 +00:00] [INF] [61] Emby.Server.Implementations.ScheduledTasks.TaskManager: "Media Segment Scan" Completed after 0 minute(s) and 0 seconds
[2025-10-27 22:11:04.644 +00:00] [INF] [46] Emby.Server.Implementations.Library.LibraryManager: Validating media library
[2025-10-27 22:11:04.725 +00:00] [WRN] [46] MediaBrowser.Controller.Entities.BaseItem: Library folder "/config/data/playlists" is inaccessible or empty, skipping
[2025-10-27 22:11:04.748 +00:00] [WRN] [46] MediaBrowser.Controller.Entities.BaseItem: Library folder "/config/data/playlists" is inaccessible or empty, skipping
[2025-10-27 22:11:04.777 +00:00] [INF] [46] Emby.Server.Implementations.ScheduledTasks.TaskManager: "Scan Media Library" Completed after 0 minute(s) and 0 seconds
[2025-10-27 22:14:07.357 +00:00] [INF] [34] Emby.Server.Implementations.ScheduledTasks.Tasks.OptimizeDatabaseTask: Optimizing and vacuuming jellyfin.db...
[2025-10-27 22:14:08.615 +00:00] [INF] [34] Jellyfin.Database.Providers.Sqlite.SqliteDatabaseProvider: jellyfin.db optimized successfully!
[2025-10-27 22:14:08.617 +00:00] [INF] [34] Emby.Server.Implementations.ScheduledTasks.TaskManager: "Optimize database" Completed after 0 minute(s) and 1 seconds
