[2025-10-24 18:52:00.562 +00:00] [INF] [1] Emby.Server.Implementations.AppBase.BaseConfigurationManager: Setting cache path: "/cache"
[2025-10-24 18:52:02.051 +00:00] [INF] [7] Jellyfin.Server.ServerSetupApp.SetupServer: Kestrel is listening on "0.0.0.0"
[2025-10-24 18:52:02.175 +00:00] [INF] [7] Main: Jellyfin version: "10.11.0"
[2025-10-24 18:52:02.185 +00:00] [INF] [7] Main: Environment Variables: ["[JELLYFIN_CONFIG_DIR, /config/config]", "[JELLYFIN_WEB_DIR, /jellyfin/jellyfin-web]", "[JELLYFIN_DATA_DIR, /config]", "[JELLYFIN_FFMPEG, /usr/lib/jellyfin-ffmpeg/ffmpeg]", "[JELLYFIN_PublishedServerUrl, http://example.com]", "[JELLYFIN_LOG_DIR, /config/log]", "[JELLYFIN_CACHE_DIR, /cache]"]
[2025-10-24 18:52:02.194 +00:00] [INF] [7] Main: Arguments: ["/jellyfin/jellyfin.dll"]
[2025-10-24 18:52:02.196 +00:00] [INF] [7] Main: Operating system: "Debian GNU/Linux 13 (trixie)"
[2025-10-24 18:52:02.197 +00:00] [INF] [7] Main: Architecture: Arm64
[2025-10-24 18:52:02.203 +00:00] [INF] [7] Main: 64-Bit Process: True
[2025-10-24 18:52:02.206 +00:00] [INF] [7] Main: User Interactive: True
[2025-10-24 18:52:02.207 +00:00] [INF] [7] Main: Processor count: 5
[2025-10-24 18:52:02.208 +00:00] [INF] [7] Main: Program data path: "/config"
[2025-10-24 18:52:02.208 +00:00] [INF] [7] Main: Log directory path: "/config/log"
[2025-10-24 18:52:02.208 +00:00] [INF] [7] Main: Config directory path: "/config/config"
[2025-10-24 18:52:02.208 +00:00] [INF] [7] Main: Cache path: "/cache"
[2025-10-24 18:52:02.208 +00:00] [INF] [7] Main: Temp directory path: "/tmp/jellyfin"
[2025-10-24 18:52:02.209 +00:00] [INF] [7] Main: Web resources path: "/jellyfin/jellyfin-web"
[2025-10-24 18:52:02.209 +00:00] [INF] [7] Main: Application directory: "/jellyfin/"
[2025-10-24 18:52:02.247 +00:00] [INF] [7] Jellyfin.Server.Startup: Storage path `"/config/data"` (Network) successfully checked with "87.7TB" free which is over the minimum of "2GB".
[2025-10-24 18:52:02.253 +00:00] [INF] [7] Jellyfin.Server.Startup: Storage path `"/config/log"` (Network) successfully checked with "87.7TB" free which is over the minimum of "512MB".
[2025-10-24 18:52:02.274 +00:00] [INF] [7] Jellyfin.Server.Startup: Storage path `"/cache"` (Network) successfully checked with "87.7TB" free which is over the minimum of "2GB".
[2025-10-24 18:52:02.298 +00:00] [INF] [7] Jellyfin.Server.Startup: Storage path `"/config"` (Network) successfully checked with "87.7TB" free which is over the minimum of "2GB".
[2025-10-24 18:52:02.300 +00:00] [INF] [7] Jellyfin.Server.Startup: Storage path `"/tmp/jellyfin"` (Fixed) successfully checked with "45.9GB" free which is over the minimum of "2GB".
[2025-10-24 18:52:02.310 +00:00] [INF] [7] Emby.Server.Implementations.AppBase.BaseConfigurationManager: Setting cache path: "/cache"
[2025-10-24 18:52:02.468 +00:00] [INF] [7] Jellyfin.Database.Providers.Sqlite.SqliteDatabaseProvider: SQLite connection string: "Data Source=/config/data/jellyfin.db;Cache=Default;Pooling=True"
[2025-10-24 18:52:02.476 +00:00] [INF] [7] Jellyfin.Database.Providers.Sqlite.SqliteDatabaseProvider: SQLITE connection pragma command set to: 
"PRAGMA locking_mode=NORMAL;
PRAGMA journal_size_limit=134217728;
PRAGMA synchronous=1;
PRAGMA temp_store=2;
"
[2025-10-24 18:52:02.487 +00:00] [INF] [7] Jellyfin.Database.Implementations.Locking.NoLockBehavior: The database locking mode has been set to: NoLock.
[2025-10-24 18:52:02.688 +00:00] [INF] [7] Jellyfin.Server.Migrations.JellyfinMigrationService: Initialise Migration service.
[2025-10-24 18:52:02.799 +00:00] [INF] [7] Jellyfin.Server.Migrations.JellyfinMigrationService: Old migration style migration.xml detected. Migrate now.
[2025-10-24 18:52:04.423 +00:00] [INF] [7] Jellyfin.Server.Migrations.JellyfinMigrationService: Migrate migration 9b354818-94d5-4b68-ac49-e35cb85f9d84-"CreateNetworkConfiguration".
[2025-10-24 18:52:04.472 +00:00] [INF] [7] Jellyfin.Server.Migrations.JellyfinMigrationService: Migrate migration 4fb5c950-1991-11ee-9b4b-0800200c9a66-"MigrateNetworkConfiguration".
[2025-10-24 18:52:04.479 +00:00] [INF] [7] Jellyfin.Server.Migrations.JellyfinMigrationService: Migrate migration a6dcacf4-c057-4ef9-80d3-61cef9ddb4f0-"MigrateMusicBrainzTimeout".
[2025-10-24 18:52:04.491 +00:00] [INF] [7] Jellyfin.Server.Migrations.JellyfinMigrationService: Migrate migration a8e61960-7726-4450-8f3d-82c12daabbcb-"MigrateEncodingOptions".
[2025-10-24 18:52:04.504 +00:00] [INF] [7] Jellyfin.Server.Migrations.JellyfinMigrationService: Migrate migration e73b777d-cd5c-4e71-957a-b86b3660b7cf-"RenameEnableGroupingIntoCollections".
[2025-10-24 18:52:04.523 +00:00] [INF] [7] Jellyfin.Server.Migrations.JellyfinMigrationService: Migrate migration 4124c2cd-e939-4ffb-9be9-9b311c413638-"DisableTranscodingThrottling".
[2025-10-24 18:52:04.529 +00:00] [INF] [7] Jellyfin.Server.Migrations.JellyfinMigrationService: Migrate migration ef103419-8451-40d8-9f34-d1a8e93a1679-"CreateUserLoggingConfigFile".
[2025-10-24 18:52:04.535 +00:00] [INF] [7] Jellyfin.Server.Migrations.JellyfinMigrationService: Migrate migration 3793eb59-bc8c-456c-8b9f-bd5a62a42978-"MigrateActivityLogDb".
[2025-10-24 18:52:04.544 +00:00] [INF] [7] Jellyfin.Server.Migrations.JellyfinMigrationService: Migrate migration acbe17b7-8435-4a83-8b64-6fcf162cb9bd-"RemoveDuplicateExtras".
[2025-10-24 18:52:04.552 +00:00] [INF] [7] Jellyfin.Server.Migrations.JellyfinMigrationService: Migrate migration eb58ebee-9514-4b9b-8225-12e1a40020df-"AddDefaultPluginRepository".
[2025-10-24 18:52:04.560 +00:00] [INF] [7] Jellyfin.Server.Migrations.JellyfinMigrationService: Migrate migration 5c4b82a2-f053-4009-bd05-b6fcad82f14c-"MigrateUserDb".
[2025-10-24 18:52:04.567 +00:00] [INF] [7] Jellyfin.Server.Migrations.JellyfinMigrationService: Migrate migration 5f86e7f6-d966-4c77-849d-7a7b40b68c4e-"ReaddDefaultPluginRepository".
[2025-10-24 18:52:04.573 +00:00] [INF] [7] Jellyfin.Server.Migrations.JellyfinMigrationService: Migrate migration 06387815-c3cc-421f-a888-fb5f9992bea8-"MigrateDisplayPreferencesDb".
[2025-10-24 18:52:04.587 +00:00] [INF] [7] Jellyfin.Server.Migrations.JellyfinMigrationService: Migrate migration a81f75e0-8f43-416f-a5e8-516ccab4d8cc-"RemoveDownloadImagesInAdvance".
[2025-10-24 18:52:04.608 +00:00] [INF] [7] Jellyfin.Server.Migrations.JellyfinMigrationService: Migrate migration 5bd72f41-e6f3-4f60-90aa-09869abe0e22-"MigrateAuthenticationDb".
[2025-10-24 18:52:04.669 +00:00] [INF] [7] Jellyfin.Server.Migrations.JellyfinMigrationService: Migrate migration 615dfa9e-2497-4dbb-a472-61938b752c5b-"FixPlaylistOwner".
[2025-10-24 18:52:04.679 +00:00] [INF] [7] Jellyfin.Server.Migrations.JellyfinMigrationService: Migrate migration 34a1a1c4-5572-418e-a2f8-32cdfe2668e8-"AddDefaultCastReceivers".
[2025-10-24 18:52:04.685 +00:00] [INF] [7] Jellyfin.Server.Migrations.JellyfinMigrationService: Migrate migration 852816e0-2712-49a9-9240-c6fc5fcad1a8-"UpdateDefaultPluginRepository".
[2025-10-24 18:52:04.699 +00:00] [INF] [7] Jellyfin.Server.Migrations.JellyfinMigrationService: Migrate migration cf6fabc2-9fbe-4933-84a5-ffe52ef22a58-"FixAudioData".
[2025-10-24 18:52:04.704 +00:00] [INF] [7] Jellyfin.Server.Migrations.JellyfinMigrationService: Migrate migration 96c156a2-7a13-4b3b-a8b8-fb80c94d20c0-"RemoveDuplicatePlaylistChildren".
[2025-10-24 18:52:04.718 +00:00] [INF] [7] Jellyfin.Server.Migrations.JellyfinMigrationService: Rename old migration.xml to migration.xml.backup
[2025-10-24 18:52:04.757 +00:00] [INF] [7] Jellyfin.Server.Migrations.JellyfinMigrationService: There are 0 migrations for stage PreInitialisation.
[2025-10-24 18:52:04.767 +00:00] [INF] [7] Emby.Server.Implementations.AppBase.BaseConfigurationManager: Setting cache path: "/cache"
[2025-10-24 18:52:04.815 +00:00] [INF] [7] Emby.Server.Implementations.ApplicationHost: Loading assemblies
[2025-10-24 18:52:04.877 +00:00] [INF] [7] Jellyfin.Networking.Manager.NetworkManager: Defined LAN subnets: ["127.0.0.1/8", "10.0.0.0/8", "172.16.0.0/12", "192.168.0.0/16"]
[2025-10-24 18:52:04.880 +00:00] [INF] [7] Jellyfin.Networking.Manager.NetworkManager: Defined LAN exclusions: []
[2025-10-24 18:52:04.882 +00:00] [INF] [7] Jellyfin.Networking.Manager.NetworkManager: Used LAN subnets: ["127.0.0.1/8", "10.0.0.0/8", "172.16.0.0/12", "192.168.0.0/16"]
[2025-10-24 18:52:04.883 +00:00] [INF] [7] Jellyfin.Networking.Manager.NetworkManager: Filtered interface addresses: ["127.0.0.1", "172.18.0.4"]
[2025-10-24 18:52:04.884 +00:00] [INF] [7] Jellyfin.Networking.Manager.NetworkManager: Bind Addresses ["0.0.0.0"]
[2025-10-24 18:52:04.885 +00:00] [INF] [7] Jellyfin.Networking.Manager.NetworkManager: Remote IP filter is "Allowlist"
[2025-10-24 18:52:04.886 +00:00] [INF] [7] Jellyfin.Networking.Manager.NetworkManager: Filtered subnets: []
[2025-10-24 18:52:05.255 +00:00] [INF] [7] Jellyfin.Database.Providers.Sqlite.SqliteDatabaseProvider: SQLite connection string: "Data Source=/config/data/jellyfin.db;Cache=Default;Pooling=True"
[2025-10-24 18:52:05.255 +00:00] [INF] [7] Jellyfin.Database.Providers.Sqlite.SqliteDatabaseProvider: SQLITE connection pragma command set to: 
"PRAGMA locking_mode=NORMAL;
PRAGMA journal_size_limit=134217728;
PRAGMA synchronous=1;
PRAGMA temp_store=2;
"
[2025-10-24 18:52:05.257 +00:00] [INF] [7] Jellyfin.Database.Implementations.Locking.NoLockBehavior: The database locking mode has been set to: NoLock.
[2025-10-24 18:52:05.264 +00:00] [INF] [7] Main: Prepare system for possible migrations
[2025-10-24 18:52:05.351 +00:00] [INF] [7] Main: A migration will attempt to modify the library.db, will attempt to backup the file now.
[2025-10-24 18:52:05.360 +00:00] [INF] [7] Main: Backing up "library.db" to "/config/data/library.db.bak1"
[2025-10-24 18:52:05.377 +00:00] [INF] [7] Main: "library.db" backed up to "/config/data/library.db.bak1"
[2025-10-24 18:52:05.378 +00:00] [INF] [7] Main: "library.db" has been backed up as "/config/data/library.db.bak1"
[2025-10-24 18:52:05.378 +00:00] [INF] [7] Main: A migration will attempt to modify the jellyfin.db, will attempt to backup the file now.
[2025-10-24 18:52:05.404 +00:00] [INF] [7] Main: Jellyfin database has been backed up as "20251024065205"
[2025-10-24 18:52:05.437 +00:00] [INF] [7] Jellyfin.Server.Migrations.JellyfinMigrationService: There are 0 migrations for stage CoreInitialisation.
[2025-10-24 18:52:05.445 +00:00] [INF] [7] InternalDatabaseMigration: Perform migration "20241020103111_LibraryDbMigration"
[2025-10-24 18:52:06.033 +00:00] [INF] [7] InternalDatabaseMigration: Migration "20241020103111_LibraryDbMigration" was successfully applied
[2025-10-24 18:52:06.033 +00:00] [INF] [7] InternalDatabaseMigration: Perform migration "20241111131257_AddedCustomDataKey"
[2025-10-24 18:52:06.130 +00:00] [INF] [7] InternalDatabaseMigration: Migration "20241111131257_AddedCustomDataKey" was successfully applied
[2025-10-24 18:52:06.130 +00:00] [INF] [7] InternalDatabaseMigration: Perform migration "20241111135439_AddedCustomDataKeyKey"
[2025-10-24 18:52:06.398 +00:00] [INF] [7] InternalDatabaseMigration: Migration "20241111135439_AddedCustomDataKeyKey" was successfully applied
[2025-10-24 18:52:06.398 +00:00] [INF] [7] InternalDatabaseMigration: Perform migration "20241112152323_FixAncestorIdConfig"
[2025-10-24 18:52:06.556 +00:00] [INF] [7] InternalDatabaseMigration: Migration "20241112152323_FixAncestorIdConfig" was successfully applied
[2025-10-24 18:52:06.556 +00:00] [INF] [7] InternalDatabaseMigration: Perform migration "20241112232041_FixMediaStreams"
[2025-10-24 18:52:06.788 +00:00] [INF] [7] InternalDatabaseMigration: Migration "20241112232041_FixMediaStreams" was successfully applied
[2025-10-24 18:52:06.793 +00:00] [INF] [7] InternalDatabaseMigration: Perform migration "20241112234144_FixMediaStreams2"
[2025-10-24 18:52:07.166 +00:00] [INF] [7] InternalDatabaseMigration: Migration "20241112234144_FixMediaStreams2" was successfully applied
[2025-10-24 18:52:07.172 +00:00] [INF] [7] InternalDatabaseMigration: Perform migration "20241113133548_EnforceUniqueItemValue"
[2025-10-24 18:52:07.315 +00:00] [INF] [7] InternalDatabaseMigration: Migration "20241113133548_EnforceUniqueItemValue" was successfully applied
[2025-10-24 18:52:07.318 +00:00] [INF] [7] InternalDatabaseMigration: Perform migration "20250202021306_FixedCollation"
[2025-10-24 18:52:07.493 +00:00] [INF] [7] InternalDatabaseMigration: Migration "20250202021306_FixedCollation" was successfully applied
[2025-10-24 18:52:07.493 +00:00] [INF] [7] InternalDatabaseMigration: Perform migration "20250204092455_MakeStartEndDateNullable"
[2025-10-24 18:52:07.816 +00:00] [INF] [7] InternalDatabaseMigration: Migration "20250204092455_MakeStartEndDateNullable" was successfully applied
[2025-10-24 18:52:07.816 +00:00] [INF] [7] InternalDatabaseMigration: Perform migration "20250214031148_ChannelIdGuid"
[2025-10-24 18:52:07.930 +00:00] [INF] [7] InternalDatabaseMigration: Migration "20250214031148_ChannelIdGuid" was successfully applied
[2025-10-24 18:52:07.931 +00:00] [INF] [7] InternalDatabaseMigration: Perform migration "20250326065026_AddInheritedParentalRatingSubValue"
[2025-10-24 18:52:08.046 +00:00] [INF] [7] InternalDatabaseMigration: Migration "20250326065026_AddInheritedParentalRatingSubValue" was successfully applied
[2025-10-24 18:52:08.046 +00:00] [INF] [7] InternalDatabaseMigration: Perform migration "20250327101120_AddKeyframeData"
[2025-10-24 18:52:08.172 +00:00] [INF] [7] InternalDatabaseMigration: Migration "20250327101120_AddKeyframeData" was successfully applied
[2025-10-24 18:52:08.173 +00:00] [INF] [7] InternalDatabaseMigration: Perform migration "20250327171413_AddHdr10PlusFlag"
[2025-10-24 18:52:08.306 +00:00] [INF] [7] InternalDatabaseMigration: Migration "20250327171413_AddHdr10PlusFlag" was successfully applied
[2025-10-24 18:52:08.306 +00:00] [INF] [7] InternalDatabaseMigration: Perform migration "20250331182844_FixAttachmentMigration"
[2025-10-24 18:52:08.428 +00:00] [INF] [7] InternalDatabaseMigration: Migration "20250331182844_FixAttachmentMigration" was successfully applied
[2025-10-24 18:52:08.429 +00:00] [INF] [7] InternalDatabaseMigration: Perform migration "20250401142247_FixAncestors"
[2025-10-24 18:52:08.524 +00:00] [INF] [7] InternalDatabaseMigration: Migration "20250401142247_FixAncestors" was successfully applied
[2025-10-24 18:52:08.524 +00:00] [INF] [7] InternalDatabaseMigration: Perform migration "20250405075612_FixItemValuesIndices"
[2025-10-24 18:52:08.638 +00:00] [INF] [7] InternalDatabaseMigration: Migration "20250405075612_FixItemValuesIndices" was successfully applied
[2025-10-24 18:52:08.638 +00:00] [INF] [7] InternalDatabaseMigration: Perform migration "20250609115616_DetachUserDataInsteadOfDelete"
[2025-10-24 18:52:08.850 +00:00] [INF] [7] InternalDatabaseMigration: Migration "20250609115616_DetachUserDataInsteadOfDelete" was successfully applied
[2025-10-24 18:52:08.851 +00:00] [INF] [7] InternalDatabaseMigration: Perform migration "20250622170802_BaseItemImageInfoDateModifiedNullable"
[2025-10-24 18:52:09.043 +00:00] [INF] [7] InternalDatabaseMigration: Migration "20250622170802_BaseItemImageInfoDateModifiedNullable" was successfully applied
[2025-10-24 18:52:09.044 +00:00] [INF] [7] InternalDatabaseMigration: Perform migration "20250714044826_ResetJournalMode"
[2025-10-24 18:52:09.211 +00:00] [INF] [7] InternalDatabaseMigration: Migration "20250714044826_ResetJournalMode" was successfully applied
[2025-10-24 18:52:09.212 +00:00] [INF] [7] InternalDatabaseMigration: Perform migration "20250913211637_AddProperParentChildRelationBaseItemWithCascade"
[2025-10-24 18:52:09.556 +00:00] [INF] [7] InternalDatabaseMigration: Migration "20250913211637_AddProperParentChildRelationBaseItemWithCascade" was successfully applied
[2025-10-24 18:52:09.557 +00:00] [INF] [7] InternalDatabaseMigration: Perform migration "20250925203415_ExtendPeopleMapKey"
[2025-10-24 18:52:09.864 +00:00] [INF] [7] InternalDatabaseMigration: Migration "20250925203415_ExtendPeopleMapKey" was successfully applied
[2025-10-24 18:52:10.693 +00:00] [INF] [7] Emby.Server.Implementations.Plugins.PluginManager: Loaded plugin: "TMDb" "10.11.0.0"
[2025-10-24 18:52:10.696 +00:00] [INF] [7] Emby.Server.Implementations.Plugins.PluginManager: Loaded plugin: "Studio Images" "10.11.0.0"
[2025-10-24 18:52:10.696 +00:00] [INF] [7] Emby.Server.Implementations.Plugins.PluginManager: Loaded plugin: "OMDb" "10.11.0.0"
[2025-10-24 18:52:10.745 +00:00] [INF] [7] Emby.Server.Implementations.Plugins.PluginManager: Loaded plugin: "MusicBrainz" "10.11.0.0"
[2025-10-24 18:52:10.746 +00:00] [INF] [7] Emby.Server.Implementations.Plugins.PluginManager: Loaded plugin: "AudioDB" "10.11.0.0"
[2025-10-24 18:52:10.876 +00:00] [INF] [7] Jellyfin.Server.Migrations.JellyfinMigrationService: There are 11 migrations for stage AppInitialisation.
[2025-10-24 18:52:10.876 +00:00] [INF] [7] InternalCodeMigration: Perform migration "20250420193000_MigrateLibraryDbCompatibilityCheck"
[2025-10-24 18:52:10.935 +00:00] [INF] [7] InternalCodeMigration: Migration "20250420193000_MigrateLibraryDbCompatibilityCheck" was successfully applied
[2025-10-24 18:52:10.936 +00:00] [INF] [7] InternalCodeMigration: Perform migration "20250420200000_MigrateLibraryDb"
[2025-10-24 18:52:10.948 +00:00] [INF] [7] Jellyfin.Server.Migrations.Routines.MigrateLibraryDb: Migrating the userdata from library.db may take a while, do not stop Jellyfin.
[2025-10-24 18:52:10.999 +00:00] [INF] [7] Jellyfin.Server.Migrations.Routines.MigrateLibraryDb: Start "Cleanup database"
[2025-10-24 18:52:11.130 +00:00] [INF] [7] Jellyfin.Server.Migrations.Routines.MigrateLibraryDb: "Cleanup database" took '00:00:00.1305861'
[2025-10-24 18:52:11.141 +00:00] [INF] [7] Jellyfin.Server.Migrations.Routines.MigrateLibraryDb: Start "Moving TypedBaseItem"
[2025-10-24 18:52:11.145 +00:00] [INF] [7] Jellyfin.Server.Migrations.Routines.MigrateLibraryDb: Start "Loading TypedBaseItems"
[2025-10-24 18:52:11.255 +00:00] [INF] [7] Jellyfin.Server.Migrations.Routines.MigrateLibraryDb: "Loading TypedBaseItems" took '00:00:00.1104315'
[2025-10-24 18:52:11.256 +00:00] [INF] [7] Jellyfin.Server.Migrations.Routines.MigrateLibraryDb: Start "Clean TypedBaseItems hierarchy"
[2025-10-24 18:52:11.439 +00:00] [INF] [7] Jellyfin.Server.Migrations.Routines.MigrateLibraryDb: "Clean TypedBaseItems hierarchy" took '00:00:00.1833722'
[2025-10-24 18:52:11.443 +00:00] [INF] [7] Jellyfin.Server.Migrations.Routines.MigrateLibraryDb: Start "Saving 4 BaseItem entries"
[2025-10-24 18:52:11.596 +00:00] [INF] [7] Jellyfin.Server.Migrations.Routines.MigrateLibraryDb: "Saving 4 BaseItem entries" took '00:00:00.1533723'
[2025-10-24 18:52:11.598 +00:00] [INF] [7] Jellyfin.Server.Migrations.Routines.MigrateLibraryDb: "Moving TypedBaseItem" took '00:00:00.4562485'
[2025-10-24 18:52:11.598 +00:00] [INF] [7] Jellyfin.Server.Migrations.Routines.MigrateLibraryDb: Start "Moving ItemValues"
[2025-10-24 18:52:11.598 +00:00] [INF] [7] Jellyfin.Server.Migrations.Routines.MigrateLibraryDb: Start "Loading ItemValues"
[2025-10-24 18:52:11.599 +00:00] [INF] [7] Jellyfin.Server.Migrations.Routines.MigrateLibraryDb: "Loading ItemValues" took '00:00:00.0011572'
[2025-10-24 18:52:11.602 +00:00] [INF] [7] Jellyfin.Server.Migrations.Routines.MigrateLibraryDb: Start "Saving 0 ItemValues entries"
[2025-10-24 18:52:11.606 +00:00] [INF] [7] Jellyfin.Server.Migrations.Routines.MigrateLibraryDb: "Saving 0 ItemValues entries" took '00:00:00.0039661'
[2025-10-24 18:52:11.606 +00:00] [INF] [7] Jellyfin.Server.Migrations.Routines.MigrateLibraryDb: "Moving ItemValues" took '00:00:00.0083639'
[2025-10-24 18:52:11.606 +00:00] [INF] [7] Jellyfin.Server.Migrations.Routines.MigrateLibraryDb: Start "Moving UserData"
[2025-10-24 18:52:11.606 +00:00] [INF] [7] Jellyfin.Server.Migrations.Routines.MigrateLibraryDb: Start "Loading UserData"
[2025-10-24 18:52:11.645 +00:00] [INF] [7] Jellyfin.Server.Migrations.Routines.MigrateLibraryDb: "Loading UserData" took '00:00:00.0388530'
[2025-10-24 18:52:11.647 +00:00] [INF] [7] Jellyfin.Server.Migrations.Routines.MigrateLibraryDb: Start "Saving 0 UserData entries"
[2025-10-24 18:52:11.647 +00:00] [INF] [7] Jellyfin.Server.Migrations.Routines.MigrateLibraryDb: "Saving 0 UserData entries" took '00:00:00.0004634'
[2025-10-24 18:52:11.647 +00:00] [INF] [7] Jellyfin.Server.Migrations.Routines.MigrateLibraryDb: "Moving UserData" took '00:00:00.0412791'
[2025-10-24 18:52:11.647 +00:00] [INF] [7] Jellyfin.Server.Migrations.Routines.MigrateLibraryDb: Start "Moving MediaStreamInfos"
[2025-10-24 18:52:11.647 +00:00] [INF] [7] Jellyfin.Server.Migrations.Routines.MigrateLibraryDb: Start "Loading MediaStreamInfos"
[2025-10-24 18:52:11.648 +00:00] [INF] [7] Jellyfin.Server.Migrations.Routines.MigrateLibraryDb: "Loading MediaStreamInfos" took '00:00:00.0007198'
[2025-10-24 18:52:11.648 +00:00] [INF] [7] Jellyfin.Server.Migrations.Routines.MigrateLibraryDb: Start "Saving 0 MediaStreamInfos entries"
[2025-10-24 18:52:11.649 +00:00] [INF] [7] Jellyfin.Server.Migrations.Routines.MigrateLibraryDb: "Saving 0 MediaStreamInfos entries" took '00:00:00.0000982'
[2025-10-24 18:52:11.649 +00:00] [INF] [7] Jellyfin.Server.Migrations.Routines.MigrateLibraryDb: "Moving MediaStreamInfos" took '00:00:00.0012023'
[2025-10-24 18:52:11.649 +00:00] [INF] [7] Jellyfin.Server.Migrations.Routines.MigrateLibraryDb: Start "Moving AttachmentStreamInfos"
[2025-10-24 18:52:11.649 +00:00] [INF] [7] Jellyfin.Server.Migrations.Routines.MigrateLibraryDb: Start "Loading AttachmentStreamInfos"
[2025-10-24 18:52:11.649 +00:00] [INF] [7] Jellyfin.Server.Migrations.Routines.MigrateLibraryDb: "Loading AttachmentStreamInfos" took '00:00:00.0000693'
[2025-10-24 18:52:11.649 +00:00] [INF] [7] Jellyfin.Server.Migrations.Routines.MigrateLibraryDb: Start "Saving 0 AttachmentStreamInfos entries"
[2025-10-24 18:52:11.649 +00:00] [INF] [7] Jellyfin.Server.Migrations.Routines.MigrateLibraryDb: "Saving 0 AttachmentStreamInfos entries" took '00:00:00.0000765'
[2025-10-24 18:52:11.649 +00:00] [INF] [7] Jellyfin.Server.Migrations.Routines.MigrateLibraryDb: "Moving AttachmentStreamInfos" took '00:00:00.0006500'
[2025-10-24 18:52:11.649 +00:00] [INF] [7] Jellyfin.Server.Migrations.Routines.MigrateLibraryDb: Start "Moving People"
[2025-10-24 18:52:11.649 +00:00] [INF] [7] Jellyfin.Server.Migrations.Routines.MigrateLibraryDb: Start "Loading People"
[2025-10-24 18:52:11.650 +00:00] [INF] [7] Jellyfin.Server.Migrations.Routines.MigrateLibraryDb: "Loading People" took '00:00:00.0006430'
[2025-10-24 18:52:11.650 +00:00] [INF] [7] Jellyfin.Server.Migrations.Routines.MigrateLibraryDb: Start "Saving 0 People entries and 0 maps"
[2025-10-24 18:52:11.650 +00:00] [INF] [7] Jellyfin.Server.Migrations.Routines.MigrateLibraryDb: "Saving 0 People entries and 0 maps" took '00:00:00.0000521'
[2025-10-24 18:52:11.650 +00:00] [INF] [7] Jellyfin.Server.Migrations.Routines.MigrateLibraryDb: "Moving People" took '00:00:00.0011383'
[2025-10-24 18:52:11.651 +00:00] [INF] [7] Jellyfin.Server.Migrations.Routines.MigrateLibraryDb: Start "Moving Chapters"
[2025-10-24 18:52:11.651 +00:00] [INF] [7] Jellyfin.Server.Migrations.Routines.MigrateLibraryDb: Start "Loading Chapters"
[2025-10-24 18:52:11.651 +00:00] [INF] [7] Jellyfin.Server.Migrations.Routines.MigrateLibraryDb: "Loading Chapters" took '00:00:00.0000919'
[2025-10-24 18:52:11.651 +00:00] [INF] [7] Jellyfin.Server.Migrations.Routines.MigrateLibraryDb: Start "Saving 0 Chapters entries"
[2025-10-24 18:52:11.651 +00:00] [INF] [7] Jellyfin.Server.Migrations.Routines.MigrateLibraryDb: "Saving 0 Chapters entries" took '00:00:00.0001410'
[2025-10-24 18:52:11.651 +00:00] [INF] [7] Jellyfin.Server.Migrations.Routines.MigrateLibraryDb: "Moving Chapters" took '00:00:00.0004114'
[2025-10-24 18:52:11.651 +00:00] [INF] [7] Jellyfin.Server.Migrations.Routines.MigrateLibraryDb: Start "Moving AncestorIds"
[2025-10-24 18:52:11.651 +00:00] [INF] [7] Jellyfin.Server.Migrations.Routines.MigrateLibraryDb: Start "Loading AncestorIds"
[2025-10-24 18:52:11.651 +00:00] [INF] [7] Jellyfin.Server.Migrations.Routines.MigrateLibraryDb: "Loading AncestorIds" took '00:00:00.0000761'
[2025-10-24 18:52:11.651 +00:00] [INF] [7] Jellyfin.Server.Migrations.Routines.MigrateLibraryDb: Start "Saving 0 AncestorId entries"
[2025-10-24 18:52:11.651 +00:00] [INF] [7] Jellyfin.Server.Migrations.Routines.MigrateLibraryDb: "Saving 0 AncestorId entries" took '00:00:00.0000605'
[2025-10-24 18:52:11.651 +00:00] [INF] [7] Jellyfin.Server.Migrations.Routines.MigrateLibraryDb: "Moving AncestorIds" took '00:00:00.0004096'
[2025-10-24 18:52:11.651 +00:00] [INF] [7] Jellyfin.Server.Migrations.Routines.MigrateLibraryDb: Migration of the Library.db done.
[2025-10-24 18:52:11.651 +00:00] [INF] [7] Jellyfin.Server.Migrations.Routines.MigrateLibraryDb: Migrating Library db took 00:00:00.7012057.
[2025-10-24 18:52:11.916 +00:00] [INF] [7] Jellyfin.Server.Migrations.Routines.MigrateLibraryDb: Move "/config/data/library.db" to "/config/data/library.db.old".
[2025-10-24 18:52:12.075 +00:00] [INF] [7] InternalCodeMigration: Migration "20250420200000_MigrateLibraryDb" was successfully applied
[2025-10-24 18:52:12.076 +00:00] [INF] [7] InternalCodeMigration: Perform migration "20250420210000_MoveExtractedFiles"
[2025-10-24 18:52:12.123 +00:00] [INF] [7] Jellyfin.Server.Migrations.Routines.MoveExtractedFiles: Checking 0 items for movable extracted files.
[2025-10-24 18:52:12.141 +00:00] [INF] [7] Jellyfin.Server.Migrations.Routines.MoveExtractedFiles: Checked: 0 - Moved: 0 - Time: 00:00:00.0595133
[2025-10-24 18:52:12.189 +00:00] [INF] [7] Jellyfin.Server.Migrations.Routines.MoveExtractedFiles: Moved files for 0 items in 00:00:00.1072847
[2025-10-24 18:52:12.194 +00:00] [INF] [7] Jellyfin.Server.Migrations.Routines.MoveExtractedFiles: Cleaned up left over subtitles and attachments.
[2025-10-24 18:52:12.212 +00:00] [INF] [7] InternalCodeMigration: Migration "20250420210000_MoveExtractedFiles" was successfully applied
[2025-10-24 18:52:12.214 +00:00] [INF] [7] InternalCodeMigration: Perform migration "20250420220000_MigrateRatingLevels"
[2025-10-24 18:52:12.218 +00:00] [INF] [7] Jellyfin.Server.Migrations.Routines.MigrateRatingLevels: Recalculating parental rating levels based on rating string.
[2025-10-24 18:52:12.268 +00:00] [INF] [7] InternalCodeMigration: Migration "20250420220000_MigrateRatingLevels" was successfully applied
[2025-10-24 18:52:12.269 +00:00] [INF] [7] InternalCodeMigration: Perform migration "20250420230000_MoveTrickplayFiles"
[2025-10-24 18:52:12.424 +00:00] [INF] [7] Jellyfin.Server.Migrations.Routines.MoveTrickplayFiles: Checked: 5000 - Moved: 0 - Time: 00:00:00.1481316
[2025-10-24 18:52:12.424 +00:00] [INF] [7] Jellyfin.Server.Migrations.Routines.MoveTrickplayFiles: Moved 0 items in 00:00:00.1485569
[2025-10-24 18:52:12.440 +00:00] [INF] [7] InternalCodeMigration: Migration "20250420230000_MoveTrickplayFiles" was successfully applied
[2025-10-24 18:52:12.440 +00:00] [INF] [7] InternalCodeMigration: Perform migration "20250420230000_RefreshInternalDateModified"
[2025-10-24 18:52:12.473 +00:00] [INF] [7] Jellyfin.Server.Migrations.Routines.RefreshInternalDateModified: Checking if 0 potentially internal items require refreshed DateModified
[2025-10-24 18:52:12.495 +00:00] [INF] [7] Jellyfin.Server.Migrations.Routines.RefreshInternalDateModified: Checked: 0 - Refreshed: 0 - Time: 00:00:00.0492329
[2025-10-24 18:52:12.497 +00:00] [INF] [7] Jellyfin.Server.Migrations.Routines.RefreshInternalDateModified: Refreshed DateModified for 0 items in 00:00:00.0514927
[2025-10-24 18:52:12.497 +00:00] [INF] [7] Emby.Server.Implementations.ApplicationHost: Disposing "CoreAppHost"
[2025-10-24 18:52:12.498 +00:00] [INF] [7] Emby.Server.Implementations.ApplicationHost: Disposing "MusicBrainzArtistProvider"
[2025-10-24 18:52:12.498 +00:00] [INF] [7] Emby.Server.Implementations.ApplicationHost: Disposing "MusicBrainzAlbumProvider"
[2025-10-24 18:52:12.499 +00:00] [INF] [7] Emby.Server.Implementations.ApplicationHost: Disposing "PluginManager"
[2025-10-24 18:52:12.509 +00:00] [INF] [7] InternalCodeMigration: Migration "20250420230000_RefreshInternalDateModified" was successfully applied
[2025-10-24 18:52:12.509 +00:00] [INF] [7] InternalCodeMigration: Perform migration "20250421000000_MigrateKeyframeData"
[2025-10-24 18:52:12.516 +00:00] [INF] [7] Jellyfin.Server.Migrations.Routines.MigrateKeyframeData: Checking 0 items for importable keyframe data.
[2025-10-24 18:52:12.524 +00:00] [INF] [7] Jellyfin.Server.Migrations.Routines.MigrateKeyframeData: Checked: 0 - Imported: 0 - Time: 00:00:00.0120232
[2025-10-24 18:52:12.524 +00:00] [INF] [7] Jellyfin.Server.Migrations.Routines.MigrateKeyframeData: Imported keyframes for 0 items in 00:00:00.0122793
[2025-10-24 18:52:12.540 +00:00] [INF] [7] InternalCodeMigration: Migration "20250421000000_MigrateKeyframeData" was successfully applied
[2025-10-24 18:52:12.540 +00:00] [INF] [7] InternalCodeMigration: Perform migration "20250618010000_MigrateLibraryUserData"
[2025-10-24 18:52:12.544 +00:00] [INF] [7] Jellyfin.Server.Migrations.Routines.MigrateLibraryDb: Migrating the userdata from library.db.old may take a while, do not stop Jellyfin.
[2025-10-24 18:52:12.716 +00:00] [INF] [7] Jellyfin.Server.Migrations.Routines.MigrateLibraryDb: Try saving 0 UserData entries.
[2025-10-24 18:52:12.726 +00:00] [INF] [7] InternalCodeMigration: Migration "20250618010000_MigrateLibraryUserData" was successfully applied
[2025-10-24 18:52:12.726 +00:00] [INF] [7] InternalCodeMigration: Perform migration "20250620180000_FixDates"
[2025-10-24 18:52:12.742 +00:00] [INF] [7] Jellyfin.Server.Migrations.Routines.FixDates: Fixing dates for 5 BaseItems.
[2025-10-24 18:52:12.747 +00:00] [INF] [7] Jellyfin.Server.Migrations.Routines.FixDates: Processing BaseItems batch 1 (5/5) - Time: 00:00:00.0178224
[2025-10-24 18:52:12.810 +00:00] [INF] [7] Jellyfin.Server.Migrations.Routines.FixDates: BaseItems: Processed 5 items, saved 4 changes in 00:00:00.0810156
[2025-10-24 18:52:12.824 +00:00] [INF] [7] Jellyfin.Server.Migrations.Routines.FixDates: Fixing dates for 0 Chapters.
[2025-10-24 18:52:12.826 +00:00] [INF] [7] Jellyfin.Server.Migrations.Routines.FixDates: Processing Chapter batch 1 (0/0) - Time: 00:00:00.0016797
[2025-10-24 18:52:12.851 +00:00] [INF] [7] Jellyfin.Server.Migrations.Routines.FixDates: Chapters: Processed 0 items, saved 0 changes in 00:00:00.0272681
[2025-10-24 18:52:12.870 +00:00] [INF] [7] Jellyfin.Server.Migrations.Routines.FixDates: Fixing dates for 0 BaseItemImageInfos.
[2025-10-24 18:52:12.877 +00:00] [INF] [7] Jellyfin.Server.Migrations.Routines.FixDates: Processing BaseItemImageInfos batch 1 (0/0) - Time: 00:00:00.0067700
[2025-10-24 18:52:12.901 +00:00] [INF] [7] Jellyfin.Server.Migrations.Routines.FixDates: BaseItemImageInfos: Processed 0 items, saved 0 changes in 00:00:00.0309763
[2025-10-24 18:52:12.917 +00:00] [INF] [7] InternalCodeMigration: Migration "20250620180000_FixDates" was successfully applied
[2025-10-24 18:52:12.917 +00:00] [INF] [7] InternalCodeMigration: Perform migration "20250730215000_ReseedFolderFlag"
[2025-10-24 18:52:12.926 +00:00] [INF] [7] Jellyfin.Server.Migrations.Routines.MigrateLibraryDb: Migration is skipped because it does not apply.
[2025-10-24 18:52:12.955 +00:00] [INF] [7] InternalCodeMigration: Migration "20250730215000_ReseedFolderFlag" was successfully applied
[2025-10-24 18:52:12.956 +00:00] [INF] [7] InternalCodeMigration: Perform migration "20251009200000_CleanMusicArtist"
[2025-10-24 18:52:12.986 +00:00] [INF] [7] Jellyfin.Server.Migrations.Routines.CleanMusicArtist: Delete 0 Artist and Album Artist person types from db
[2025-10-24 18:52:13.023 +00:00] [INF] [7] InternalCodeMigration: Migration "20251009200000_CleanMusicArtist" was successfully applied
[2025-10-24 18:52:13.091 +00:00] [INF] [7] Main: Attempt to cleanup librarydb backup.
[2025-10-24 18:52:13.116 +00:00] [INF] [7] Main: Attempt to cleanup JellyfinDb backup.
[2025-10-24 18:52:13.448 +00:00] [INF] [9] Main: Kestrel is listening on "0.0.0.0"
[2025-10-24 18:52:13.496 +00:00] [WRN] [7] Microsoft.AspNetCore.DataProtection.KeyManagement.XmlKeyManager: No XML encryptor configured. Key {4f87de5d-3f22-412f-bfa3-ccbeb702ef49} may be persisted to storage in unencrypted form.
[2025-10-24 18:52:14.301 +00:00] [WRN] [9] Microsoft.AspNetCore.StaticFiles.StaticFileMiddleware: The WebRootPath was not found: "/wwwroot". Static files may be unavailable.
[2025-10-24 18:52:14.333 +00:00] [INF] [9] Emby.Server.Implementations.ApplicationHost: Running startup tasks
[2025-10-24 18:52:14.361 +00:00] [INF] [9] Emby.Server.Implementations.ScheduledTasks.TaskManager: Daily trigger for "Generate Trickplay Images" set to fire at 2025-10-25 03:00:00.000 +00:00, which is 08:07:45.6390457 from now.
[2025-10-24 18:52:14.398 +00:00] [INF] [9] Emby.Server.Implementations.ScheduledTasks.TaskManager: Daily trigger for "Extract Chapter Images" set to fire at 2025-10-25 02:00:00.000 +00:00, which is 07:07:45.6019827 from now.
[2025-10-24 18:52:14.718 +00:00] [INF] [9] MediaBrowser.MediaEncoding.Encoder.MediaEncoder: Found ffmpeg version "7.1.2"
[2025-10-24 18:52:14.845 +00:00] [INF] [9] MediaBrowser.MediaEncoding.Encoder.MediaEncoder: Available "decoders": ["libdav1d", "av1", "av1_cuvid", "av1_rkmpp", "h264", "h264_rkmpp", "h264_cuvid", "hevc", "hevc_rkmpp", "hevc_cuvid", "mpeg1_rkmpp", "mpeg2video", "mpeg2_rkmpp", "mpeg2_cuvid", "mpeg4", "mpeg4_rkmpp", "mpeg4_cuvid", "msmpeg4", "vc1_cuvid", "vp8", "vp8_rkmpp", "libvpx", "vp8_cuvid", "vp9", "vp9_rkmpp", "libvpx-vp9", "vp9_cuvid", "aac", "ac3", "ac4", "dca", "flac", "mp3", "truehd"]
[2025-10-24 18:52:14.883 +00:00] [INF] [9] MediaBrowser.MediaEncoding.Encoder.MediaEncoder: Available "encoders": ["libsvtav1", "av1_nvenc", "libx264", "h264_nvenc", "h264_v4l2m2m", "h264_rkmpp", "libx265", "hevc_nvenc", "hevc_rkmpp", "mjpeg_rkmpp", "aac", "libfdk_aac", "ac3", "alac", "dca", "flac", "libmp3lame", "libopus", "truehd", "libvorbis", "srt"]
[2025-10-24 18:52:14.924 +00:00] [INF] [9] MediaBrowser.MediaEncoding.Encoder.MediaEncoder: Available filters: ["bwdif_cuda", "bwdif_opencl", "hwupload_cuda", "overlay_opencl", "overlay_cuda", "overlay_rkrga", "scale_cuda", "scale_opencl", "scale_rkrga", "tonemapx", "tonemap_cuda", "tonemap_opencl", "transpose_cuda", "transpose_opencl", "vpp_rkrga", "yadif_cuda", "yadif_opencl", "zscale", "alphasrc"]
[2025-10-24 18:52:15.043 +00:00] [WRN] [9] MediaBrowser.MediaEncoding.Encoder.MediaEncoder: Filter: "overlay_vaapi" with option "Action to take when encountering EOF from secondary input" is not available
[2025-10-24 18:52:15.071 +00:00] [WRN] [9] MediaBrowser.MediaEncoding.Encoder.MediaEncoder: Filter: "overlay_vulkan" with option "Action to take when encountering EOF from secondary input" is not available
[2025-10-24 18:52:15.296 +00:00] [INF] [9] MediaBrowser.MediaEncoding.Encoder.MediaEncoder: Available hwaccel types: ["cuda", "drm", "opencl", "rkmpp"]
[2025-10-24 18:52:17.493 +00:00] [INF] [14] Emby.Server.Implementations.ScheduledTasks.TaskManager: "Clean up collections and playlists" Completed after 0 minute(s) and 0 seconds
[2025-10-24 18:52:17.530 +00:00] [INF] [7] Emby.Server.Implementations.ScheduledTasks.TaskManager: "Clean Transcode Directory" Completed after 0 minute(s) and 0 seconds
[2025-10-24 18:52:19.867 +00:00] [INF] [19] Emby.Server.Implementations.ScheduledTasks.TaskManager: "Update Plugins" Completed after 0 minute(s) and 2 seconds
[2025-10-24 18:53:06.491 +00:00] [INF] [9] MediaBrowser.MediaEncoding.Encoder.MediaEncoder: FFmpeg: "/usr/lib/jellyfin-ffmpeg/ffmpeg"
[2025-10-24 18:53:06.499 +00:00] [INF] [9] Emby.Server.Implementations.ApplicationHost: ServerId: "9d01db9fb6b840f28042f0b46e011d38"
[2025-10-24 18:53:06.499 +00:00] [INF] [9] Emby.Server.Implementations.ApplicationHost: Core startup complete
[2025-10-24 18:53:06.499 +00:00] [INF] [9] Main: Startup complete 0:01:07.4463905
[2025-10-24 20:12:00.807 +00:00] [INF] [71] Emby.Server.Implementations.Session.SessionManager: Sending shutdown notifications
[2025-10-24 20:12:00.905 +00:00] [INF] [78] Main: Running query planner optimizations in the database... This might take a while
[2025-10-24 20:14:41.172 +00:00] [INF] [1] Emby.Server.Implementations.AppBase.BaseConfigurationManager: Setting cache path: "/cache"
[2025-10-24 20:14:42.491 +00:00] [INF] [7] Jellyfin.Server.ServerSetupApp.SetupServer: Kestrel is listening on "0.0.0.0"
[2025-10-24 20:14:42.595 +00:00] [INF] [7] Main: Jellyfin version: "10.11.0"
[2025-10-24 20:14:42.607 +00:00] [INF] [7] Main: Environment Variables: ["[JELLYFIN_DATA_DIR, /config]", "[JELLYFIN_PublishedServerUrl, http://example.com]", "[JELLYFIN_FFMPEG, /usr/lib/jellyfin-ffmpeg/ffmpeg]", "[JELLYFIN_WEB_DIR, /jellyfin/jellyfin-web]", "[JELLYFIN_LOG_DIR, /config/log]", "[JELLYFIN_CACHE_DIR, /cache]", "[JELLYFIN_CONFIG_DIR, /config/config]"]
[2025-10-24 20:14:42.611 +00:00] [INF] [7] Main: Arguments: ["/jellyfin/jellyfin.dll"]
[2025-10-24 20:14:42.612 +00:00] [INF] [7] Main: Operating system: "Debian GNU/Linux 13 (trixie)"
[2025-10-24 20:14:42.615 +00:00] [INF] [7] Main: Architecture: Arm64
[2025-10-24 20:14:42.620 +00:00] [INF] [7] Main: 64-Bit Process: True
[2025-10-24 20:14:42.621 +00:00] [INF] [7] Main: User Interactive: True
[2025-10-24 20:14:42.622 +00:00] [INF] [7] Main: Processor count: 5
[2025-10-24 20:14:42.623 +00:00] [INF] [7] Main: Program data path: "/config"
[2025-10-24 20:14:42.624 +00:00] [INF] [7] Main: Log directory path: "/config/log"
[2025-10-24 20:14:42.624 +00:00] [INF] [7] Main: Config directory path: "/config/config"
[2025-10-24 20:14:42.625 +00:00] [INF] [7] Main: Cache path: "/cache"
[2025-10-24 20:14:42.626 +00:00] [INF] [7] Main: Temp directory path: "/tmp/jellyfin"
[2025-10-24 20:14:42.629 +00:00] [INF] [7] Main: Web resources path: "/jellyfin/jellyfin-web"
[2025-10-24 20:14:42.631 +00:00] [INF] [7] Main: Application directory: "/jellyfin/"
[2025-10-24 20:14:42.648 +00:00] [INF] [7] Jellyfin.Server.Startup: Storage path `"/config/data"` (Network) successfully checked with "87.2TB" free which is over the minimum of "2GB".
[2025-10-24 20:14:42.671 +00:00] [INF] [7] Jellyfin.Server.Startup: Storage path `"/config/log"` (Network) successfully checked with "87.2TB" free which is over the minimum of "512MB".
[2025-10-24 20:14:42.676 +00:00] [INF] [7] Jellyfin.Server.Startup: Storage path `"/cache"` (Network) successfully checked with "87.2TB" free which is over the minimum of "2GB".
[2025-10-24 20:14:42.691 +00:00] [INF] [7] Jellyfin.Server.Startup: Storage path `"/config"` (Network) successfully checked with "87.2TB" free which is over the minimum of "2GB".
[2025-10-24 20:14:42.692 +00:00] [INF] [7] Jellyfin.Server.Startup: Storage path `"/tmp/jellyfin"` (Fixed) successfully checked with "47.2GB" free which is over the minimum of "2GB".
[2025-10-24 20:14:42.713 +00:00] [INF] [7] Emby.Server.Implementations.AppBase.BaseConfigurationManager: Setting cache path: "/cache"
[2025-10-24 20:14:43.042 +00:00] [INF] [7] Jellyfin.Database.Providers.Sqlite.SqliteDatabaseProvider: SQLite connection string: "Data Source=/config/data/jellyfin.db;Cache=Default;Pooling=True"
[2025-10-24 20:14:43.061 +00:00] [INF] [7] Jellyfin.Database.Providers.Sqlite.SqliteDatabaseProvider: SQLITE connection pragma command set to: 
"PRAGMA locking_mode=NORMAL;
PRAGMA journal_size_limit=134217728;
PRAGMA synchronous=1;
PRAGMA temp_store=2;
"
[2025-10-24 20:14:43.077 +00:00] [INF] [7] Jellyfin.Database.Implementations.Locking.NoLockBehavior: The database locking mode has been set to: NoLock.
[2025-10-24 20:14:43.207 +00:00] [INF] [7] Jellyfin.Server.Migrations.JellyfinMigrationService: Initialise Migration service.
[2025-10-24 20:14:45.205 +00:00] [INF] [7] Jellyfin.Server.Migrations.JellyfinMigrationService: There are 0 migrations for stage PreInitialisation.
[2025-10-24 20:14:45.230 +00:00] [INF] [7] Emby.Server.Implementations.AppBase.BaseConfigurationManager: Setting cache path: "/cache"
[2025-10-24 20:14:45.396 +00:00] [INF] [7] Emby.Server.Implementations.ApplicationHost: Loading assemblies
[2025-10-24 20:14:45.538 +00:00] [INF] [7] Jellyfin.Networking.Manager.NetworkManager: Defined LAN subnets: ["127.0.0.1/8", "10.0.0.0/8", "172.16.0.0/12", "192.168.0.0/16"]
[2025-10-24 20:14:45.538 +00:00] [INF] [7] Jellyfin.Networking.Manager.NetworkManager: Defined LAN exclusions: []
[2025-10-24 20:14:45.539 +00:00] [INF] [7] Jellyfin.Networking.Manager.NetworkManager: Used LAN subnets: ["127.0.0.1/8", "10.0.0.0/8", "172.16.0.0/12", "192.168.0.0/16"]
[2025-10-24 20:14:45.543 +00:00] [INF] [7] Jellyfin.Networking.Manager.NetworkManager: Filtered interface addresses: ["127.0.0.1", "172.23.0.3"]
[2025-10-24 20:14:45.547 +00:00] [INF] [7] Jellyfin.Networking.Manager.NetworkManager: Bind Addresses ["0.0.0.0"]
[2025-10-24 20:14:45.549 +00:00] [INF] [7] Jellyfin.Networking.Manager.NetworkManager: Remote IP filter is "Allowlist"
[2025-10-24 20:14:45.550 +00:00] [INF] [7] Jellyfin.Networking.Manager.NetworkManager: Filtered subnets: []
[2025-10-24 20:14:45.969 +00:00] [INF] [7] Jellyfin.Database.Providers.Sqlite.SqliteDatabaseProvider: SQLite connection string: "Data Source=/config/data/jellyfin.db;Cache=Default;Pooling=True"
[2025-10-24 20:14:45.969 +00:00] [INF] [7] Jellyfin.Database.Providers.Sqlite.SqliteDatabaseProvider: SQLITE connection pragma command set to: 
"PRAGMA locking_mode=NORMAL;
PRAGMA journal_size_limit=134217728;
PRAGMA synchronous=1;
PRAGMA temp_store=2;
"
[2025-10-24 20:14:45.969 +00:00] [INF] [7] Jellyfin.Database.Implementations.Locking.NoLockBehavior: The database locking mode has been set to: NoLock.
[2025-10-24 20:14:45.978 +00:00] [INF] [7] Main: Prepare system for possible migrations
[2025-10-24 20:14:46.213 +00:00] [INF] [7] Jellyfin.Server.Migrations.JellyfinMigrationService: There are 0 migrations for stage CoreInitialisation.
[2025-10-24 20:14:47.147 +00:00] [INF] [7] Emby.Server.Implementations.Plugins.PluginManager: Loaded plugin: "TMDb" "10.11.0.0"
[2025-10-24 20:14:47.148 +00:00] [INF] [7] Emby.Server.Implementations.Plugins.PluginManager: Loaded plugin: "Studio Images" "10.11.0.0"
[2025-10-24 20:14:47.148 +00:00] [INF] [7] Emby.Server.Implementations.Plugins.PluginManager: Loaded plugin: "OMDb" "10.11.0.0"
[2025-10-24 20:14:47.168 +00:00] [INF] [7] Emby.Server.Implementations.Plugins.PluginManager: Loaded plugin: "MusicBrainz" "10.11.0.0"
[2025-10-24 20:14:47.168 +00:00] [INF] [7] Emby.Server.Implementations.Plugins.PluginManager: Loaded plugin: "AudioDB" "10.11.0.0"
[2025-10-24 20:14:47.227 +00:00] [INF] [7] Jellyfin.Server.Migrations.JellyfinMigrationService: There are 0 migrations for stage AppInitialisation.
[2025-10-24 20:14:47.279 +00:00] [INF] [9] Main: Kestrel is listening on "0.0.0.0"
[2025-10-24 20:14:47.300 +00:00] [WRN] [7] Microsoft.AspNetCore.DataProtection.KeyManagement.XmlKeyManager: No XML encryptor configured. Key {5f0e81f7-3766-4a48-b1e9-7c3fb82d447d} may be persisted to storage in unencrypted form.
[2025-10-24 20:14:47.965 +00:00] [WRN] [9] Microsoft.AspNetCore.StaticFiles.StaticFileMiddleware: The WebRootPath was not found: "/wwwroot". Static files may be unavailable.
[2025-10-24 20:14:48.018 +00:00] [INF] [9] Emby.Server.Implementations.ApplicationHost: Running startup tasks
[2025-10-24 20:14:48.043 +00:00] [INF] [9] Emby.Server.Implementations.ScheduledTasks.TaskManager: Daily trigger for "Generate Trickplay Images" set to fire at 2025-10-25 03:00:00.000 +00:00, which is 06:45:11.9562114 from now.
[2025-10-24 20:14:48.126 +00:00] [INF] [9] Emby.Server.Implementations.ScheduledTasks.TaskManager: Daily trigger for "Extract Chapter Images" set to fire at 2025-10-25 02:00:00.000 +00:00, which is 05:45:11.8748665 from now.
[2025-10-24 20:14:48.749 +00:00] [INF] [9] MediaBrowser.MediaEncoding.Encoder.MediaEncoder: Found ffmpeg version "7.1.2"
[2025-10-24 20:14:48.866 +00:00] [INF] [9] MediaBrowser.MediaEncoding.Encoder.MediaEncoder: Available "decoders": ["libdav1d", "av1", "av1_cuvid", "av1_rkmpp", "h264", "h264_rkmpp", "h264_cuvid", "hevc", "hevc_rkmpp", "hevc_cuvid", "mpeg1_rkmpp", "mpeg2video", "mpeg2_rkmpp", "mpeg2_cuvid", "mpeg4", "mpeg4_rkmpp", "mpeg4_cuvid", "msmpeg4", "vc1_cuvid", "vp8", "vp8_rkmpp", "libvpx", "vp8_cuvid", "vp9", "vp9_rkmpp", "libvpx-vp9", "vp9_cuvid", "aac", "ac3", "ac4", "dca", "flac", "mp3", "truehd"]
[2025-10-24 20:14:48.894 +00:00] [INF] [9] MediaBrowser.MediaEncoding.Encoder.MediaEncoder: Available "encoders": ["libsvtav1", "av1_nvenc", "libx264", "h264_nvenc", "h264_v4l2m2m", "h264_rkmpp", "libx265", "hevc_nvenc", "hevc_rkmpp", "mjpeg_rkmpp", "aac", "libfdk_aac", "ac3", "alac", "dca", "flac", "libmp3lame", "libopus", "truehd", "libvorbis", "srt"]
[2025-10-24 20:14:48.931 +00:00] [INF] [9] MediaBrowser.MediaEncoding.Encoder.MediaEncoder: Available filters: ["bwdif_cuda", "bwdif_opencl", "hwupload_cuda", "overlay_opencl", "overlay_cuda", "overlay_rkrga", "scale_cuda", "scale_opencl", "scale_rkrga", "tonemapx", "tonemap_cuda", "tonemap_opencl", "transpose_cuda", "transpose_opencl", "vpp_rkrga", "yadif_cuda", "yadif_opencl", "zscale", "alphasrc"]
[2025-10-24 20:14:49.028 +00:00] [WRN] [9] MediaBrowser.MediaEncoding.Encoder.MediaEncoder: Filter: "overlay_vaapi" with option "Action to take when encountering EOF from secondary input" is not available
[2025-10-24 20:14:49.048 +00:00] [WRN] [9] MediaBrowser.MediaEncoding.Encoder.MediaEncoder: Filter: "overlay_vulkan" with option "Action to take when encountering EOF from secondary input" is not available
[2025-10-24 20:14:49.225 +00:00] [INF] [9] MediaBrowser.MediaEncoding.Encoder.MediaEncoder: Available hwaccel types: ["cuda", "drm", "opencl", "rkmpp"]
[2025-10-24 20:14:51.161 +00:00] [INF] [14] Emby.Server.Implementations.ScheduledTasks.TaskManager: "Clean up collections and playlists" Completed after 0 minute(s) and 0 seconds
[2025-10-24 20:14:51.239 +00:00] [INF] [14] Emby.Server.Implementations.ScheduledTasks.TaskManager: "Clean Transcode Directory" Completed after 0 minute(s) and 0 seconds
[2025-10-24 20:14:52.024 +00:00] [INF] [7] Emby.Server.Implementations.ScheduledTasks.TaskManager: "Update Plugins" Completed after 0 minute(s) and 0 seconds
[2025-10-24 20:15:18.243 +00:00] [INF] [9] MediaBrowser.MediaEncoding.Encoder.MediaEncoder: FFmpeg: "/usr/lib/jellyfin-ffmpeg/ffmpeg"
[2025-10-24 20:15:18.248 +00:00] [INF] [9] Emby.Server.Implementations.ApplicationHost: ServerId: "9d01db9fb6b840f28042f0b46e011d38"
[2025-10-24 20:15:18.248 +00:00] [INF] [9] Emby.Server.Implementations.ApplicationHost: Core startup complete
[2025-10-24 20:15:18.249 +00:00] [INF] [9] Main: Startup complete 0:00:37.7702587
