[2025-11-04 22:58:50.548 +00:00] [INF] [1] Emby.Server.Implementations.AppBase.BaseConfigurationManager: Setting cache path: "/cache"
[2025-11-04 22:58:51.355 +00:00] [INF] [7] Jellyfin.Server.ServerSetupApp.SetupServer: Kestrel is listening on "0.0.0.0"
[2025-11-04 22:58:51.439 +00:00] [INF] [7] Main: Jellyfin version: "10.11.2"
[2025-11-04 22:58:51.469 +00:00] [INF] [7] Main: Environment Variables: ["[JELLYFIN_WEB_DIR, /jellyfin/jellyfin-web]", "[JELLYFIN_PublishedServerUrl, http://example.com]", "[JELLYFIN_CONFIG_DIR, /config/config]", "[JELLYFIN_LOG_DIR, /config/log]", "[JELLYFIN_DATA_DIR, /config]", "[JELLYFIN_FFMPEG, /usr/lib/jellyfin-ffmpeg/ffmpeg]", "[JELLYFIN_CACHE_DIR, /cache]"]
[2025-11-04 22:58:51.484 +00:00] [INF] [7] Main: Arguments: ["/jellyfin/jellyfin.dll"]
[2025-11-04 22:58:51.550 +00:00] [INF] [7] Main: Operating system: "Debian GNU/Linux 13 (trixie)"
[2025-11-04 22:58:51.554 +00:00] [INF] [7] Main: Architecture: Arm64
[2025-11-04 22:58:51.561 +00:00] [INF] [7] Main: 64-Bit Process: True
[2025-11-04 22:58:51.561 +00:00] [INF] [7] Main: User Interactive: True
[2025-11-04 22:58:51.561 +00:00] [INF] [7] Main: Processor count: 5
[2025-11-04 22:58:51.561 +00:00] [INF] [7] Main: Program data path: "/config"
[2025-11-04 22:58:51.561 +00:00] [INF] [7] Main: Log directory path: "/config/log"
[2025-11-04 22:58:51.561 +00:00] [INF] [7] Main: Config directory path: "/config/config"
[2025-11-04 22:58:51.561 +00:00] [INF] [7] Main: Cache path: "/cache"
[2025-11-04 22:58:51.561 +00:00] [INF] [7] Main: Temp directory path: "/tmp/jellyfin"
[2025-11-04 22:58:51.562 +00:00] [INF] [7] Main: Web resources path: "/jellyfin/jellyfin-web"
[2025-11-04 22:58:51.562 +00:00] [INF] [7] Main: Application directory: "/jellyfin/"
[2025-11-04 22:58:51.711 +00:00] [INF] [7] Jellyfin.Server.Startup: Storage path `"/config/data"` (Network) successfully checked with "123.6TiB" free which is over the minimum of "2GiB".
[2025-11-04 22:58:51.724 +00:00] [INF] [7] Jellyfin.Server.Startup: Storage path `"/config/log"` (Network) successfully checked with "123.6TiB" free which is over the minimum of "512MiB".
[2025-11-04 22:58:51.761 +00:00] [INF] [7] Jellyfin.Server.Startup: Storage path `"/cache"` (Network) successfully checked with "123.6TiB" free which is over the minimum of "2GiB".
[2025-11-04 22:58:51.768 +00:00] [INF] [7] Jellyfin.Server.Startup: Storage path `"/config"` (Network) successfully checked with "123.6TiB" free which is over the minimum of "2GiB".
[2025-11-04 22:58:51.769 +00:00] [INF] [7] Jellyfin.Server.Startup: Storage path `"/tmp/jellyfin"` (Fixed) successfully checked with "45.7GiB" free which is over the minimum of "512MiB".
[2025-11-04 22:58:51.828 +00:00] [INF] [7] Emby.Server.Implementations.AppBase.BaseConfigurationManager: Setting cache path: "/cache"
[2025-11-04 22:58:51.956 +00:00] [INF] [7] Jellyfin.Database.Providers.Sqlite.SqliteDatabaseProvider: SQLite connection string: "Data Source=/config/data/jellyfin.db;Cache=Default;Pooling=True"
[2025-11-04 22:58:51.967 +00:00] [INF] [7] Jellyfin.Database.Providers.Sqlite.SqliteDatabaseProvider: SQLITE connection pragma command set to: 
"PRAGMA locking_mode=NORMAL;
PRAGMA journal_size_limit=134217728;
PRAGMA synchronous=1;
PRAGMA temp_store=2;
"
[2025-11-04 22:58:51.972 +00:00] [INF] [7] Jellyfin.Database.Implementations.Locking.NoLockBehavior: The database locking mode has been set to: NoLock.
[2025-11-04 22:58:52.027 +00:00] [INF] [7] Jellyfin.Server.Migrations.JellyfinMigrationService: Initialise Migration service.
[2025-11-04 22:58:57.278 +00:00] [INF] [7] Jellyfin.Server.Migrations.JellyfinMigrationService: There are 0 migrations for stage PreInitialisation.
[2025-11-04 22:58:57.313 +00:00] [INF] [7] Emby.Server.Implementations.AppBase.BaseConfigurationManager: Setting cache path: "/cache"
[2025-11-04 22:58:57.387 +00:00] [INF] [7] Emby.Server.Implementations.ApplicationHost: Loading assemblies
[2025-11-04 22:58:57.497 +00:00] [INF] [7] Jellyfin.Networking.Manager.NetworkManager: Defined LAN subnets: ["127.0.0.1/8", "10.0.0.0/8", "172.16.0.0/12", "192.168.0.0/16"]
[2025-11-04 22:58:57.498 +00:00] [INF] [7] Jellyfin.Networking.Manager.NetworkManager: Defined LAN exclusions: []
[2025-11-04 22:58:57.499 +00:00] [INF] [7] Jellyfin.Networking.Manager.NetworkManager: Used LAN subnets: ["127.0.0.1/8", "10.0.0.0/8", "172.16.0.0/12", "192.168.0.0/16"]
[2025-11-04 22:58:57.500 +00:00] [INF] [7] Jellyfin.Networking.Manager.NetworkManager: Filtered interface addresses: ["127.0.0.1", "172.21.0.6"]
[2025-11-04 22:58:57.500 +00:00] [INF] [7] Jellyfin.Networking.Manager.NetworkManager: Bind Addresses ["0.0.0.0"]
[2025-11-04 22:58:57.500 +00:00] [INF] [7] Jellyfin.Networking.Manager.NetworkManager: Remote IP filter is "Allowlist"
[2025-11-04 22:58:57.500 +00:00] [INF] [7] Jellyfin.Networking.Manager.NetworkManager: Filtered subnets: []
[2025-11-04 22:58:58.159 +00:00] [INF] [7] Jellyfin.Database.Providers.Sqlite.SqliteDatabaseProvider: SQLite connection string: "Data Source=/config/data/jellyfin.db;Cache=Default;Pooling=True"
[2025-11-04 22:58:58.161 +00:00] [INF] [7] Jellyfin.Database.Providers.Sqlite.SqliteDatabaseProvider: SQLITE connection pragma command set to: 
"PRAGMA locking_mode=NORMAL;
PRAGMA journal_size_limit=134217728;
PRAGMA synchronous=1;
PRAGMA temp_store=2;
"
[2025-11-04 22:58:58.165 +00:00] [INF] [7] Jellyfin.Database.Implementations.Locking.NoLockBehavior: The database locking mode has been set to: NoLock.
[2025-11-04 22:58:58.184 +00:00] [INF] [7] Main: Prepare system for possible migrations
[2025-11-04 22:58:58.258 +00:00] [INF] [7] Jellyfin.Server.Migrations.JellyfinMigrationService: There are 0 migrations for stage CoreInitialisation.
[2025-11-04 22:58:59.173 +00:00] [INF] [7] Emby.Server.Implementations.Plugins.PluginManager: Loaded plugin: "TMDb" "10.11.2.0"
[2025-11-04 22:58:59.176 +00:00] [INF] [7] Emby.Server.Implementations.Plugins.PluginManager: Loaded plugin: "Studio Images" "10.11.2.0"
[2025-11-04 22:58:59.179 +00:00] [INF] [7] Emby.Server.Implementations.Plugins.PluginManager: Loaded plugin: "OMDb" "10.11.2.0"
[2025-11-04 22:58:59.205 +00:00] [INF] [7] Emby.Server.Implementations.Plugins.PluginManager: Loaded plugin: "MusicBrainz" "10.11.2.0"
[2025-11-04 22:58:59.207 +00:00] [INF] [7] Emby.Server.Implementations.Plugins.PluginManager: Loaded plugin: "AudioDB" "10.11.2.0"
[2025-11-04 22:58:59.312 +00:00] [INF] [7] Jellyfin.Server.Migrations.JellyfinMigrationService: There are 0 migrations for stage AppInitialisation.
[2025-11-04 22:58:59.436 +00:00] [INF] [14] Main: Kestrel is listening on "0.0.0.0"
[2025-11-04 22:58:59.460 +00:00] [WRN] [7] Microsoft.AspNetCore.DataProtection.KeyManagement.XmlKeyManager: No XML encryptor configured. Key {16b83901-8297-41db-9d14-c52dda88aa86} may be persisted to storage in unencrypted form.
[2025-11-04 22:59:01.000 +00:00] [WRN] [14] Microsoft.AspNetCore.StaticFiles.StaticFileMiddleware: The WebRootPath was not found: "/wwwroot". Static files may be unavailable.
[2025-11-04 22:59:01.136 +00:00] [INF] [14] Emby.Server.Implementations.ApplicationHost: Running startup tasks
[2025-11-04 22:59:01.173 +00:00] [INF] [14] Emby.Server.Implementations.ScheduledTasks.TaskManager: Daily trigger for "Generate Trickplay Images" set to fire at 2025-11-05 03:00:00.000 +00:00, which is 04:00:58.8270001 from now.
[2025-11-04 22:59:01.218 +00:00] [INF] [14] Emby.Server.Implementations.ScheduledTasks.TaskManager: Daily trigger for "Extract Chapter Images" set to fire at 2025-11-05 02:00:00.000 +00:00, which is 03:00:58.7818470 from now.
[2025-11-04 22:59:01.405 +00:00] [INF] [14] MediaBrowser.MediaEncoding.Encoder.MediaEncoder: Found ffmpeg version "7.1.2"
[2025-11-04 22:59:01.477 +00:00] [INF] [14] MediaBrowser.MediaEncoding.Encoder.MediaEncoder: Available "decoders": ["libdav1d", "av1", "av1_cuvid", "av1_rkmpp", "h264", "h264_rkmpp", "h264_cuvid", "hevc", "hevc_rkmpp", "hevc_cuvid", "mpeg1_rkmpp", "mpeg2video", "mpeg2_rkmpp", "mpeg2_cuvid", "mpeg4", "mpeg4_rkmpp", "mpeg4_cuvid", "msmpeg4", "vc1_cuvid", "vp8", "vp8_rkmpp", "libvpx", "vp8_cuvid", "vp9", "vp9_rkmpp", "libvpx-vp9", "vp9_cuvid", "aac", "ac3", "ac4", "dca", "flac", "mp3", "truehd"]
[2025-11-04 22:59:01.502 +00:00] [INF] [14] MediaBrowser.MediaEncoding.Encoder.MediaEncoder: Available "encoders": ["libsvtav1", "av1_nvenc", "libx264", "h264_nvenc", "h264_v4l2m2m", "h264_rkmpp", "libx265", "hevc_nvenc", "hevc_rkmpp", "mjpeg_rkmpp", "aac", "libfdk_aac", "ac3", "alac", "dca", "flac", "libmp3lame", "libopus", "truehd", "libvorbis", "srt"]
[2025-11-04 22:59:01.532 +00:00] [INF] [14] MediaBrowser.MediaEncoding.Encoder.MediaEncoder: Available filters: ["bwdif_cuda", "bwdif_opencl", "hwupload_cuda", "overlay_opencl", "overlay_cuda", "overlay_rkrga", "scale_cuda", "scale_opencl", "scale_rkrga", "tonemapx", "tonemap_cuda", "tonemap_opencl", "transpose_cuda", "transpose_opencl", "vpp_rkrga", "yadif_cuda", "yadif_opencl", "zscale", "alphasrc"]
[2025-11-04 22:59:01.658 +00:00] [WRN] [14] MediaBrowser.MediaEncoding.Encoder.MediaEncoder: Filter: "overlay_vaapi" with option "Action to take when encountering EOF from secondary input" is not available
[2025-11-04 22:59:01.684 +00:00] [WRN] [14] MediaBrowser.MediaEncoding.Encoder.MediaEncoder: Filter: "overlay_vulkan" with option "Action to take when encountering EOF from secondary input" is not available
[2025-11-04 22:59:01.886 +00:00] [INF] [14] MediaBrowser.MediaEncoding.Encoder.MediaEncoder: Available hwaccel types: ["cuda", "drm", "opencl", "rkmpp"]
[2025-11-04 22:59:04.249 +00:00] [INF] [15] Emby.Server.Implementations.ScheduledTasks.TaskManager: "Clean up collections and playlists" Completed after 0 minute(s) and 0 seconds
[2025-11-04 22:59:04.276 +00:00] [INF] [9] Emby.Server.Implementations.ScheduledTasks.TaskManager: "Clean Transcode Directory" Completed after 0 minute(s) and 0 seconds
[2025-11-04 22:59:05.154 +00:00] [INF] [9] Emby.Server.Implementations.ScheduledTasks.TaskManager: "Update Plugins" Completed after 0 minute(s) and 0 seconds
[2025-11-04 22:59:47.085 +00:00] [INF] [14] MediaBrowser.MediaEncoding.Encoder.MediaEncoder: FFmpeg: "/usr/lib/jellyfin-ffmpeg/ffmpeg"
[2025-11-04 22:59:47.094 +00:00] [INF] [14] Emby.Server.Implementations.ApplicationHost: ServerId: "9d01db9fb6b840f28042f0b46e011d38"
[2025-11-04 22:59:47.094 +00:00] [INF] [14] Emby.Server.Implementations.ApplicationHost: Core startup complete
[2025-11-04 22:59:47.094 +00:00] [INF] [14] Main: Startup complete 0:00:57.7229606
[2025-11-04 23:06:00.669 +00:00] [INF] [42] Jellyfin.Api.Auth.CustomAuthenticationHandler: "CustomAuthentication" was not authenticated. Failure message: "Invalid token."
[2025-11-04 23:06:00.667 +00:00] [INF] [37] Jellyfin.Api.Auth.CustomAuthenticationHandler: "CustomAuthentication" was not authenticated. Failure message: "Invalid token."
[2025-11-04 23:06:00.679 +00:00] [INF] [37] Jellyfin.Api.Auth.CustomAuthenticationHandler: "CustomAuthentication" was not authenticated. Failure message: "Invalid token."
[2025-11-04 23:06:00.686 +00:00] [INF] [42] Jellyfin.Api.Auth.CustomAuthenticationHandler: "CustomAuthentication" was not authenticated. Failure message: "Invalid token."
[2025-11-04 23:06:00.688 +00:00] [INF] [42] Jellyfin.Api.Auth.CustomAuthenticationHandler: AuthenticationScheme: "CustomAuthentication" was challenged.
[2025-11-04 23:06:00.690 +00:00] [INF] [37] Jellyfin.Api.Auth.CustomAuthenticationHandler: AuthenticationScheme: "CustomAuthentication" was challenged.
[2025-11-04 23:06:05.384 +00:00] [INF] [37] Jellyfin.Api.Auth.CustomAuthenticationHandler: "CustomAuthentication" was not authenticated. Failure message: "Invalid token."
[2025-11-04 23:06:05.386 +00:00] [INF] [37] Jellyfin.Api.Auth.CustomAuthenticationHandler: "CustomAuthentication" was not authenticated. Failure message: "Invalid token."
[2025-11-04 23:06:05.387 +00:00] [INF] [37] Jellyfin.Api.Auth.CustomAuthenticationHandler: AuthenticationScheme: "CustomAuthentication" was challenged.
[2025-11-04 23:06:10.423 +00:00] [INF] [37] Jellyfin.Api.Auth.CustomAuthenticationHandler: "CustomAuthentication" was not authenticated. Failure message: "Invalid token."
[2025-11-04 23:06:10.424 +00:00] [INF] [37] Jellyfin.Api.Auth.CustomAuthenticationHandler: "CustomAuthentication" was not authenticated. Failure message: "Invalid token."
[2025-11-04 23:06:10.424 +00:00] [INF] [37] Jellyfin.Api.Auth.CustomAuthenticationHandler: AuthenticationScheme: "CustomAuthentication" was challenged.
[2025-11-04 23:06:15.090 +00:00] [INF] [37] Jellyfin.Api.Auth.CustomAuthenticationHandler: "CustomAuthentication" was not authenticated. Failure message: "Invalid token."
[2025-11-04 23:06:15.091 +00:00] [INF] [37] Jellyfin.Api.Auth.CustomAuthenticationHandler: "CustomAuthentication" was not authenticated. Failure message: "Invalid token."
[2025-11-04 23:06:15.092 +00:00] [INF] [37] Jellyfin.Api.Auth.CustomAuthenticationHandler: AuthenticationScheme: "CustomAuthentication" was challenged.
[2025-11-04 23:06:35.670 +00:00] [INF] [45] Jellyfin.Api.Auth.CustomAuthenticationHandler: "CustomAuthentication" was not authenticated. Failure message: "Invalid token."
[2025-11-04 23:06:35.673 +00:00] [INF] [45] Jellyfin.Api.Auth.CustomAuthenticationHandler: "CustomAuthentication" was not authenticated. Failure message: "Invalid token."
[2025-11-04 23:06:35.675 +00:00] [INF] [45] Jellyfin.Api.Auth.CustomAuthenticationHandler: AuthenticationScheme: "CustomAuthentication" was challenged.
[2025-11-04 23:06:35.782 +00:00] [INF] [37] Jellyfin.Api.Auth.CustomAuthenticationHandler: "CustomAuthentication" was not authenticated. Failure message: "Invalid token."
[2025-11-04 23:06:35.785 +00:00] [INF] [37] Jellyfin.Api.Auth.CustomAuthenticationHandler: "CustomAuthentication" was not authenticated. Failure message: "Invalid token."
[2025-11-04 23:06:35.786 +00:00] [INF] [37] Jellyfin.Api.Auth.CustomAuthenticationHandler: AuthenticationScheme: "CustomAuthentication" was challenged.
[2025-11-04 23:06:40.274 +00:00] [INF] [37] Jellyfin.Api.Auth.CustomAuthenticationHandler: "CustomAuthentication" was not authenticated. Failure message: "Invalid token."
[2025-11-04 23:06:40.275 +00:00] [INF] [37] Jellyfin.Api.Auth.CustomAuthenticationHandler: "CustomAuthentication" was not authenticated. Failure message: "Invalid token."
[2025-11-04 23:06:40.277 +00:00] [INF] [37] Jellyfin.Api.Auth.CustomAuthenticationHandler: AuthenticationScheme: "CustomAuthentication" was challenged.
[2025-11-04 23:06:45.313 +00:00] [INF] [37] Jellyfin.Api.Auth.CustomAuthenticationHandler: "CustomAuthentication" was not authenticated. Failure message: "Invalid token."
[2025-11-04 23:06:45.315 +00:00] [INF] [37] Jellyfin.Api.Auth.CustomAuthenticationHandler: "CustomAuthentication" was not authenticated. Failure message: "Invalid token."
[2025-11-04 23:06:45.316 +00:00] [INF] [37] Jellyfin.Api.Auth.CustomAuthenticationHandler: AuthenticationScheme: "CustomAuthentication" was challenged.
[2025-11-04 23:06:50.397 +00:00] [INF] [37] Jellyfin.Api.Auth.CustomAuthenticationHandler: "CustomAuthentication" was not authenticated. Failure message: "Invalid token."
[2025-11-04 23:06:50.398 +00:00] [INF] [37] Jellyfin.Api.Auth.CustomAuthenticationHandler: "CustomAuthentication" was not authenticated. Failure message: "Invalid token."
[2025-11-04 23:06:50.399 +00:00] [INF] [37] Jellyfin.Api.Auth.CustomAuthenticationHandler: AuthenticationScheme: "CustomAuthentication" was challenged.
[2025-11-04 23:06:55.302 +00:00] [INF] [42] Jellyfin.Api.Auth.CustomAuthenticationHandler: "CustomAuthentication" was not authenticated. Failure message: "Invalid token."
[2025-11-04 23:06:55.303 +00:00] [INF] [42] Jellyfin.Api.Auth.CustomAuthenticationHandler: "CustomAuthentication" was not authenticated. Failure message: "Invalid token."
[2025-11-04 23:06:55.303 +00:00] [INF] [42] Jellyfin.Api.Auth.CustomAuthenticationHandler: AuthenticationScheme: "CustomAuthentication" was challenged.
[2025-11-04 23:06:55.308 +00:00] [INF] [42] Jellyfin.Api.Auth.CustomAuthenticationHandler: "CustomAuthentication" was not authenticated. Failure message: "Invalid token."
[2025-11-04 23:06:55.308 +00:00] [INF] [42] Jellyfin.Api.Auth.CustomAuthenticationHandler: "CustomAuthentication" was not authenticated. Failure message: "Invalid token."
[2025-11-04 23:06:55.310 +00:00] [INF] [42] Jellyfin.Api.Auth.CustomAuthenticationHandler: AuthenticationScheme: "CustomAuthentication" was challenged.
[2025-11-04 23:07:00.105 +00:00] [INF] [45] Jellyfin.Api.Auth.CustomAuthenticationHandler: "CustomAuthentication" was not authenticated. Failure message: "Invalid token."
[2025-11-04 23:07:00.106 +00:00] [INF] [45] Jellyfin.Api.Auth.CustomAuthenticationHandler: "CustomAuthentication" was not authenticated. Failure message: "Invalid token."
[2025-11-04 23:07:00.107 +00:00] [INF] [45] Jellyfin.Api.Auth.CustomAuthenticationHandler: AuthenticationScheme: "CustomAuthentication" was challenged.
[2025-11-04 23:07:00.108 +00:00] [INF] [46] Jellyfin.Api.Auth.CustomAuthenticationHandler: "CustomAuthentication" was not authenticated. Failure message: "Invalid token."
[2025-11-04 23:07:00.108 +00:00] [INF] [46] Jellyfin.Api.Auth.CustomAuthenticationHandler: "CustomAuthentication" was not authenticated. Failure message: "Invalid token."
[2025-11-04 23:07:00.109 +00:00] [INF] [46] Jellyfin.Api.Auth.CustomAuthenticationHandler: AuthenticationScheme: "CustomAuthentication" was challenged.
[2025-11-04 23:07:00.679 +00:00] [INF] [45] Jellyfin.Api.Auth.CustomAuthenticationHandler: "CustomAuthentication" was not authenticated. Failure message: "Invalid token."
[2025-11-04 23:07:00.682 +00:00] [INF] [45] Jellyfin.Api.Auth.CustomAuthenticationHandler: "CustomAuthentication" was not authenticated. Failure message: "Invalid token."
[2025-11-04 23:07:00.683 +00:00] [INF] [45] Jellyfin.Api.Auth.CustomAuthenticationHandler: AuthenticationScheme: "CustomAuthentication" was challenged.
[2025-11-04 23:07:00.690 +00:00] [INF] [42] Jellyfin.Api.Auth.CustomAuthenticationHandler: "CustomAuthentication" was not authenticated. Failure message: "Invalid token."
[2025-11-04 23:07:00.692 +00:00] [INF] [42] Jellyfin.Api.Auth.CustomAuthenticationHandler: "CustomAuthentication" was not authenticated. Failure message: "Invalid token."
[2025-11-04 23:07:00.694 +00:00] [INF] [42] Jellyfin.Api.Auth.CustomAuthenticationHandler: AuthenticationScheme: "CustomAuthentication" was challenged.
[2025-11-04 23:07:05.599 +00:00] [INF] [46] Jellyfin.Api.Auth.CustomAuthenticationHandler: "CustomAuthentication" was not authenticated. Failure message: "Invalid token."
[2025-11-04 23:07:05.601 +00:00] [INF] [46] Jellyfin.Api.Auth.CustomAuthenticationHandler: "CustomAuthentication" was not authenticated. Failure message: "Invalid token."
[2025-11-04 23:07:05.603 +00:00] [INF] [46] Jellyfin.Api.Auth.CustomAuthenticationHandler: AuthenticationScheme: "CustomAuthentication" was challenged.
[2025-11-04 23:08:43.729 +00:00] [INF] [44] Jellyfin.Api.Auth.CustomAuthenticationHandler: "CustomAuthentication" was not authenticated. Failure message: "Invalid token."
[2025-11-04 23:08:43.729 +00:00] [INF] [46] Jellyfin.Api.Auth.CustomAuthenticationHandler: "CustomAuthentication" was not authenticated. Failure message: "Invalid token."
[2025-11-04 23:08:43.733 +00:00] [INF] [44] Jellyfin.Api.Auth.CustomAuthenticationHandler: "CustomAuthentication" was not authenticated. Failure message: "Invalid token."
[2025-11-04 23:08:43.734 +00:00] [INF] [46] Jellyfin.Api.Auth.CustomAuthenticationHandler: "CustomAuthentication" was not authenticated. Failure message: "Invalid token."
[2025-11-04 23:08:43.735 +00:00] [INF] [46] Jellyfin.Api.Auth.CustomAuthenticationHandler: AuthenticationScheme: "CustomAuthentication" was challenged.
[2025-11-04 23:08:43.735 +00:00] [INF] [44] Jellyfin.Api.Auth.CustomAuthenticationHandler: AuthenticationScheme: "CustomAuthentication" was challenged.
[2025-11-04 23:08:47.280 +00:00] [INF] [42] Jellyfin.Api.Auth.CustomAuthenticationHandler: "CustomAuthentication" was not authenticated. Failure message: "Invalid token."
[2025-11-04 23:08:47.281 +00:00] [INF] [42] Jellyfin.Api.Auth.CustomAuthenticationHandler: "CustomAuthentication" was not authenticated. Failure message: "Invalid token."
[2025-11-04 23:08:47.284 +00:00] [INF] [42] Jellyfin.Api.Auth.CustomAuthenticationHandler: AuthenticationScheme: "CustomAuthentication" was challenged.
[2025-11-04 23:08:47.281 +00:00] [INF] [41] Jellyfin.Api.Auth.CustomAuthenticationHandler: "CustomAuthentication" was not authenticated. Failure message: "Invalid token."
[2025-11-04 23:08:47.287 +00:00] [INF] [41] Jellyfin.Api.Auth.CustomAuthenticationHandler: "CustomAuthentication" was not authenticated. Failure message: "Invalid token."
[2025-11-04 23:08:47.288 +00:00] [INF] [41] Jellyfin.Api.Auth.CustomAuthenticationHandler: AuthenticationScheme: "CustomAuthentication" was challenged.
[2025-11-04 23:08:52.177 +00:00] [INF] [42] Jellyfin.Api.Auth.CustomAuthenticationHandler: "CustomAuthentication" was not authenticated. Failure message: "Invalid token."
[2025-11-04 23:08:52.178 +00:00] [INF] [42] Jellyfin.Api.Auth.CustomAuthenticationHandler: "CustomAuthentication" was not authenticated. Failure message: "Invalid token."
[2025-11-04 23:08:52.178 +00:00] [INF] [42] Jellyfin.Api.Auth.CustomAuthenticationHandler: AuthenticationScheme: "CustomAuthentication" was challenged.
[2025-11-04 23:08:56.572 +00:00] [INF] [41] Jellyfin.Api.Auth.CustomAuthenticationHandler: "CustomAuthentication" was not authenticated. Failure message: "Invalid token."
[2025-11-04 23:08:56.576 +00:00] [INF] [41] Jellyfin.Api.Auth.CustomAuthenticationHandler: "CustomAuthentication" was not authenticated. Failure message: "Invalid token."
[2025-11-04 23:08:56.583 +00:00] [INF] [41] Jellyfin.Api.Auth.CustomAuthenticationHandler: AuthenticationScheme: "CustomAuthentication" was challenged.
[2025-11-04 23:08:56.611 +00:00] [INF] [42] Jellyfin.Api.Auth.CustomAuthenticationHandler: "CustomAuthentication" was not authenticated. Failure message: "Invalid token."
[2025-11-04 23:08:56.616 +00:00] [INF] [42] Jellyfin.Api.Auth.CustomAuthenticationHandler: "CustomAuthentication" was not authenticated. Failure message: "Invalid token."
[2025-11-04 23:08:56.619 +00:00] [INF] [42] Jellyfin.Api.Auth.CustomAuthenticationHandler: AuthenticationScheme: "CustomAuthentication" was challenged.
