[2025-09-26 02:00:00.141 +00:00] [INF] [109] Emby.Server.Implementations.ScheduledTasks.TaskManager: "Extract Chapter Images" Completed after 0 minute(s) and 0 seconds
[2025-09-26 02:00:01.108 +00:00] [INF] [115] Emby.Server.Implementations.ScheduledTasks.TaskManager: Daily trigger for "Extract Chapter Images" set to fire at 2025-09-27 02:00:00.000 +00:00, which is 23:59:58.8919365 from now.
[2025-09-26 02:58:39.482 +00:00] [INF] [138] Emby.Server.Implementations.ScheduledTasks.TaskManager: "Download missing subtitles" Completed after 0 minute(s) and 0 seconds
[2025-09-26 02:58:39.503 +00:00] [INF] [217] Emby.Server.Implementations.ScheduledTasks.TaskManager: "Audio Normalization" Completed after 0 minute(s) and 0 seconds
[2025-09-26 02:58:39.599 +00:00] [INF] [123] Emby.Server.Implementations.ScheduledTasks.TaskManager: "Download missing lyrics" Completed after 0 minute(s) and 0 seconds
[2025-09-26 02:58:39.633 +00:00] [INF] [62] Emby.Server.Implementations.ScheduledTasks.TaskManager: "Clean Cache Directory" Completed after 0 minute(s) and 0 seconds
[2025-09-26 02:58:39.701 +00:00] [INF] [217] Emby.Server.Implementations.ScheduledTasks.Tasks.OptimizeDatabaseTask: Optimizing and vacuuming jellyfin.db...
[2025-09-26 02:58:39.707 +00:00] [INF] [138] Emby.Server.Implementations.ScheduledTasks.TaskManager: "Clean Log Directory" Completed after 0 minute(s) and 0 seconds
[2025-09-26 02:58:39.733 +00:00] [INF] [123] Emby.Server.Implementations.ScheduledTasks.TaskManager: "TasksRefreshChannels" Completed after 0 minute(s) and 0 seconds
[2025-09-26 02:58:39.760 +00:00] [INF] [123] Emby.Server.Implementations.ScheduledTasks.TaskManager: "Clean Transcode Directory" Completed after 0 minute(s) and 0 seconds
[2025-09-26 02:58:39.924 +00:00] [INF] [217] Emby.Server.Implementations.ScheduledTasks.Tasks.OptimizeDatabaseTask: jellyfin.db optimized successfully!
[2025-09-26 02:58:39.924 +00:00] [INF] [217] Emby.Server.Implementations.ScheduledTasks.TaskManager: "Optimize database" Completed after 0 minute(s) and 0 seconds
[2025-09-26 02:58:40.301 +00:00] [INF] [217] Emby.Server.Implementations.ScheduledTasks.TaskManager: "Update Plugins" Completed after 0 minute(s) and 0 seconds
[2025-09-26 02:58:42.806 +00:00] [INF] [123] Jellyfin.LiveTv.Guide.GuideManager: Refreshing guide with 7 days of guide data
[2025-09-26 02:58:42.810 +00:00] [INF] [123] Emby.Server.Implementations.ScheduledTasks.TaskManager: "Refresh Guide" Completed after 0 minute(s) and 3 seconds
[2025-09-26 03:00:00.204 +00:00] [INF] [93] Emby.Server.Implementations.ScheduledTasks.TaskManager: "Generate Trickplay Images" Completed after 0 minute(s) and 0 seconds
[2025-09-26 03:00:01.193 +00:00] [INF] [93] Emby.Server.Implementations.ScheduledTasks.TaskManager: Daily trigger for "Generate Trickplay Images" set to fire at 2025-09-27 03:00:00.000 +00:00, which is 23:59:58.8070610 from now.
[2025-09-26 03:02:43.833 +00:00] [INF] [123] Emby.Server.Implementations.Library.LibraryManager: Validating media library
[2025-09-26 03:02:43.836 +00:00] [INF] [202] Emby.Server.Implementations.ScheduledTasks.TaskManager: "Media Segment Scan" Completed after 0 minute(s) and 0 seconds
[2025-09-26 03:02:43.905 +00:00] [WRN] [123] MediaBrowser.Controller.Entities.BaseItem: Library folder "/config/data/playlists" is inaccessible or empty, skipping
[2025-09-26 03:02:43.912 +00:00] [WRN] [11] MediaBrowser.Controller.Entities.BaseItem: Library folder "/config/data/playlists" is inaccessible or empty, skipping
[2025-09-26 03:02:43.916 +00:00] [INF] [214] Emby.Server.Implementations.ScheduledTasks.TaskManager: "Scan Media Library" Completed after 0 minute(s) and 0 seconds
[2025-09-26 03:57:48.234 +00:00] [INF] [24] Emby.Server.Implementations.Session.SessionManager: Sending shutdown notifications
[2025-09-26 03:57:48.342 +00:00] [INF] [211] Jellyfin.Networking.PortForwardingHost: Stopping NAT discovery
[2025-09-26 03:57:48.482 +00:00] [INF] [211] Main: Running query planner optimizations in the database... This might take a while
[2025-09-26 03:57:48.969 +00:00] [INF] [211] Emby.Server.Implementations.ApplicationHost: Disposing "CoreAppHost"
[2025-09-26 03:57:48.969 +00:00] [INF] [211] Emby.Server.Implementations.ApplicationHost: Disposing "MusicBrainzArtistProvider"
[2025-09-26 03:57:48.972 +00:00] [INF] [211] Emby.Server.Implementations.ApplicationHost: Disposing "MusicBrainzAlbumProvider"
[2025-09-26 03:57:48.972 +00:00] [INF] [211] Emby.Server.Implementations.ApplicationHost: Disposing "PluginManager"
